[23:31:29] [main/INFO]: Loading Minecraft 1.21 with Fabric Loader 0.16.3
[23:31:29] [main/WARN]: Warnings were found!
 - Mod 'Dynamic Lights' (dynamiclights) 1.8.5+mod recommends any version of modmenu, which is missing!
	 - You should install any version of modmenu for the optimal experience.
 - Mod 'Dynamic Lights' (dynamiclights) 1.8.5+mod recommends any version of modmenu-badges-lib, which is missing!
	 - You should install any version of modmenu-badges-lib for the optimal experience.
[23:31:29] [main/INFO]: Loading 85 mods:
	- bettercombat 2.1.3+1.21.1
	- betterdungeons 1.21.1-Fabric-5.1.4
	   \-- org_reflections_reflections 0.10.2
	- betterendisland 1.21.1-Fabric-3.1.1
	   \-- org_reflections_reflections 0.10.2
	- betterfortresses 1.21.1-Fabric-3.1.3
	   \-- org_reflections_reflections 0.10.2
	- betterjungletemples 1.21.1-Fabric-3.1.2
	   \-- org_reflections_reflections 0.10.2
	- bettermineshafts 1.21.1-Fabric-5.1.1
	   \-- org_reflections_reflections 0.10.2
	- betteroceanmonuments 1.21.1-Fabric-4.1.2
	   \-- org_reflections_reflections 0.10.2
	- betterstrongholds 1.21.1-Fabric-5.1.2
	   \-- org_reflections_reflections 0.10.2
	- betterwitchhuts 1.21.1-Fabric-4.1.1
	   \-- org_reflections_reflections 0.10.2
	- cardinal-components 6.1.2
	   |-- cardinal-components-base 6.1.2
	   |-- cardinal-components-block 6.1.2
	   |-- cardinal-components-chunk 6.1.2
	   |-- cardinal-components-entity 6.1.2
	   |-- cardinal-components-item 6.1.2
	   |-- cardinal-components-level 6.1.2
	   |-- cardinal-components-scoreboard 6.1.2
	   \-- cardinal-components-world 6.1.2
	- cinderscapes 5.0.2
	   |-- biolith 3.0.0
	   |-- cinderscapes-client 5.0.2
	   |-- cinderscapes-common 5.0.2
	   |-- cinderscapes-worldgen 5.0.2
	   |-- terraform-biome-remapper-api-v1 11.0.0
	   |-- terraform-shapes-api-v1 11.0.0
	   |-- terraform-surfaces-api-v1 11.0.0
	   \-- terraform-wood-api-v1 11.0.0
	- cloth-config 15.0.140
	   \-- cloth-basic-math 0.6.1
	- default_skill_trees 1.1
	- dynamiclights 1.8.5+mod
	- fabric-api 0.102.0+1.21
	   |-- fabric-api-base 0.4.42+6573ed8cd1
	   |-- fabric-api-lookup-api-v1 1.6.68+b5597344d1
	   |-- fabric-biome-api-v1 13.0.29+5bd9f1bcd1
	   |-- fabric-block-api-v1 1.0.22+0af3f5a7d1
	   |-- fabric-block-view-api-v2 1.0.10+6573ed8cd1
	   |-- fabric-blockrenderlayer-v1 1.1.52+0af3f5a7d1
	   |-- fabric-client-tags-api-v1 1.1.15+6573ed8cd1
	   |-- fabric-command-api-v1 1.2.49+f71b366fd1
	   |-- fabric-command-api-v2 2.2.28+6ced4dd9d1
	   |-- fabric-commands-v0 0.2.66+df3654b3d1
	   |-- fabric-content-registries-v0 8.0.16+b5597344d1
	   |-- fabric-convention-tags-v1 2.0.19+7f945d5bd1
	   |-- fabric-convention-tags-v2 2.5.0+c5e2b5c6d1
	   |-- fabric-crash-report-info-v1 0.2.29+0af3f5a7d1
	   |-- fabric-data-attachment-api-v1 1.1.27+6a6dfa19d1
	   |-- fabric-data-generation-api-v1 20.2.16+16c4ae25d1
	   |-- fabric-dimensions-v1 4.0.0+6fc22b99d1
	   |-- fabric-entity-events-v1 1.6.12+6fc22b99d1
	   |-- fabric-events-interaction-v0 0.7.12+ba9dae06d1
	   |-- fabric-game-rule-api-v1 1.0.53+6ced4dd9d1
	   |-- fabric-item-api-v1 11.0.0+afdfc921d1
	   |-- fabric-item-group-api-v1 4.1.4+78017270d1
	   |-- fabric-key-binding-api-v1 1.0.47+0af3f5a7d1
	   |-- fabric-keybindings-v0 0.2.45+df3654b3d1
	   |-- fabric-lifecycle-events-v1 2.3.12+6c1df360d1
	   |-- fabric-loot-api-v2 3.0.14+3f89f5a5d1
	   |-- fabric-loot-api-v3 1.0.2+3f89f5a5d1
	   |-- fabric-message-api-v1 6.0.13+6573ed8cd1
	   |-- fabric-model-loading-api-v1 2.0.0+fe474d6bd1
	   |-- fabric-networking-api-v1 4.2.2+60c3209bd1
	   |-- fabric-object-builder-api-v1 15.2.0+a551f7a4d1
	   |-- fabric-particles-v1 4.0.2+6573ed8cd1
	   |-- fabric-recipe-api-v1 5.0.12+65089712d1
	   |-- fabric-registry-sync-v0 5.1.2+60c3209bd1
	   |-- fabric-renderer-api-v1 3.4.0+c705a49cd1
	   |-- fabric-renderer-indigo 1.7.0+c705a49cd1
	   |-- fabric-renderer-registries-v1 3.2.68+df3654b3d1
	   |-- fabric-rendering-data-attachment-v1 0.3.48+73761d2ed1
	   |-- fabric-rendering-fluids-v1 3.1.6+b5597344d1
	   |-- fabric-rendering-v0 1.1.71+df3654b3d1
	   |-- fabric-rendering-v1 5.0.5+df16efd0d1
	   |-- fabric-resource-conditions-api-v1 4.3.0+8dc279b1d1
	   |-- fabric-resource-loader-v0 1.3.0+56599129d1
	   |-- fabric-screen-api-v1 2.0.24+b5597344d1
	   |-- fabric-screen-handler-api-v1 1.3.86+b5597344d1
	   |-- fabric-sound-api-v1 1.0.23+6573ed8cd1
	   |-- fabric-transfer-api-v1 5.1.16+3dccd343d1
	   \-- fabric-transitive-access-wideners-v1 6.1.0+176f9036d1
	- fabricloader 0.16.3
	   \-- mixinextras 0.4.1
	- incapacitated 1.7.2
	- java 21
	- midnightlib 1.6.7+1.21.1
	- minecraft 1.21
	- playeranimator 2.0.1+1.21.1
	- puffish_attributes 0.7.3
	   \-- mixinextras 0.4.1
	- puffish_skills 0.15.4
	- travelersbackpack 10.1.10
	- traverse 8.0.1
	   |-- biolith 3.0.0
	   |-- terraform-biome-remapper-api-v1 11.0.0
	   |-- terraform-config-api-v1 11.0.0
	   |-- terraform-surfaces-api-v1 11.0.0
	   |-- terraform-tree-api-v1 11.0.0
	   |-- terraform-wood-api-v1 11.0.0
	   |-- traverse-client 8.0.1
	   |-- traverse-common 8.0.1
	   \-- traverse-worldgen 8.0.1
	- yungsapi 1.21.1-Fabric-5.1.3
	   |-- org_javassist_javassist 3.29.2-GA
	   \-- org_reflections_reflections 0.10.2
[23:31:29] [main/INFO]: SpongePowered MIXIN Subsystem Version=0.8.7 Source=file:/workspaces/ubiquitous-telegram/servidor_minecraft/libraries/net/fabricmc/sponge-mixin/0.15.2+mixin.0.8.7/sponge-mixin-0.15.2+mixin.0.8.7.jar Service=Knot/Fabric Env=SERVER
[23:31:29] [main/INFO]: Compatibility level set to JAVA_17
[23:31:29] [main/INFO]: Compatibility level set to JAVA_21
[23:31:30] [main/INFO]: Initializing MixinExtras via com.llamalad7.mixinextras.service.MixinExtrasServiceImpl(version=0.4.1).
[23:31:38] [main/INFO]: Reflections took 38 ms to scan 1 urls, producing 1 keys and 3 values
[23:31:38] [main/INFO]: Reflections took 5 ms to scan 1 urls, producing 1 keys and 3 values
[23:31:38] [main/INFO]: Reflections took 1 ms to scan 1 urls, producing 1 keys and 2 values
[23:31:38] [main/INFO]: Reflections took 1 ms to scan 1 urls, producing 1 keys and 2 values
[23:31:38] [main/INFO]: Reflections took 2 ms to scan 1 urls, producing 1 keys and 1 values
[23:31:38] [main/INFO]: Reflections took 1 ms to scan 1 urls, producing 1 keys and 1 values
[23:31:38] [main/INFO]: Reflections took 1 ms to scan 1 urls, producing 1 keys and 3 values
[23:31:38] [main/INFO]: Reflections took 1 ms to scan 1 urls, producing 1 keys and 3 values
[23:31:38] [main/INFO]: Reflections took 2 ms to scan 1 urls, producing 1 keys and 2 values
[23:31:38] [main/INFO]: Reflections took 1 ms to scan 1 urls, producing 1 keys and 2 values
[23:31:38] [main/INFO]: Reflections took 1 ms to scan 1 urls, producing 1 keys and 1 values
[23:31:38] [main/INFO]: Reflections took 1 ms to scan 1 urls, producing 1 keys and 1 values
[23:31:38] [main/INFO]: Reflections took 3 ms to scan 1 urls, producing 1 keys and 2 values
[23:31:38] [main/INFO]: Reflections took 1 ms to scan 1 urls, producing 1 keys and 2 values
[23:31:38] [main/INFO]: Reflections took 1 ms to scan 1 urls, producing 1 keys and 1 values
[23:31:38] [main/INFO]: Reflections took 1 ms to scan 1 urls, producing 1 keys and 1 values
[23:31:38] [main/INFO]: Biolith for Fabric is initializing...
[23:31:38] [main/INFO]: Enabling Cinderscapes' Biolith worldgen module.
[23:31:38] [main/INFO]: [Dynamic Lights] MidnightLib detected!
[23:31:38] [main/INFO]: [Dynamic Lights] Registering server started event...
[23:31:38] [main/INFO]: [Dynamic Lights] Loaded Dynamic Lights by Tschipcraft successfully!
[23:31:38] [main/ERROR]: No data fixer registered for 
[23:31:39] [main/INFO]: Registered the FluidEffect with Unique ID of minecraft:water for Water (Fluid Amount Required: 81000) with the ID 0
[23:31:39] [main/INFO]: Registered the FluidEffect with Unique ID of minecraft:lava for Lava (Fluid Amount Required: 81000) with the ID 1
[23:31:39] [main/INFO]: Registered the FluidEffect with Unique ID of travelersbackpack:potion for block.travelersbackpack.potion_still (Fluid Amount Required: 27000) with the ID 2
[23:31:39] [main/INFO]: Registered the FluidEffect with Unique ID of minecraft:milk for Air (Fluid Amount Required: 81000) with the ID 3
[23:31:39] [main/INFO]: Enabling Traverse's Biolith worldgen module.
[23:31:39] [main/INFO]: Reflections took 2 ms to scan 1 urls, producing 1 keys and 3 values
[23:31:39] [main/INFO]: Reflections took 2 ms to scan 1 urls, producing 1 keys and 3 values
[23:31:39] [main/INFO]: Environment: Environment[sessionHost=https://sessionserver.mojang.com, servicesHost=https://api.minecraftservices.com, name=PROD]
[23:31:41] [main/INFO]: Loaded 1528 recipes
[23:31:41] [main/INFO]: Loaded 1646 advancements
[23:31:41] [main/WARN]: Not all defined tags for registry ResourceKey[minecraft:root / minecraft:item] are present in data pack: c:crops/nether_wart, c:crops/wheat
[23:31:42] [main/INFO]: Applied 120 biome modifications to 60 of 75 new biomes in 16.63 ms
[23:31:42] [Server thread/INFO]: Encoded Weapon Attribute registry size (with package overhead): 2331 bytes (in 1 string chunks with the size of 10000)
[23:31:42] [Server thread/INFO]: [puffish_skills] Mod configuration loaded successfully!
[23:31:42] [Server thread/INFO]: [puffish_skills] Data pack `puffish_skills` loaded successfully!
[23:31:42] [Server thread/INFO]: Starting minecraft server version 1.21
[23:31:42] [Server thread/INFO]: Loading properties
[23:31:42] [Server thread/INFO]: Default game type: SURVIVAL
[23:31:42] [Server thread/INFO]: Generating keypair
[23:31:42] [Server thread/INFO]: Starting Minecraft server on *:25565
[23:31:42] [Server thread/INFO]: Using epoll channel type
[23:31:42] [Server thread/WARN]: **** SERVER IS RUNNING IN OFFLINE/INSECURE MODE!
[23:31:42] [Server thread/WARN]: The server will make no attempt to authenticate usernames. Beware.
[23:31:42] [Server thread/WARN]: While this makes the game possible to play without internet access, it also opens up the ability for hackers to connect with any username they choose.
[23:31:42] [Server thread/WARN]: To change this, set "online-mode" to "true" in the server.properties file.
[23:31:42] [Server thread/INFO]: Preparing level "world"
[23:31:46] [Server thread/INFO]: Preparing start region for dimension minecraft:overworld
[23:31:46] [Worker-Main-1/INFO]: Preparing spawn area: 0%
[23:31:46] [Server thread/INFO]: Time elapsed: 488 ms
[23:31:46] [Server thread/INFO]: Done (4.452s)! For help, type "help"
[23:31:46] [Server thread/INFO]: [Dynamic Lights] Sending global config to world ...
[23:31:55] [Server thread/INFO]: cafeconpang[/127.126.147.44:55991] logged in with entity id 4 at (64.68601370018251, 63.0, -210.63053518749552)
[23:31:55] [Server thread/INFO]: Loading config from file...
[23:31:55] [Server thread/INFO]: cafeconpang joined the game
[23:32:33] [Server thread/INFO]: [cafeconpang: Set own game mode to Creative Mode]
[23:33:54] [Server thread/INFO]: cafeconpang has reached the goal [Sky's the Limit]
[23:36:13] [Server thread/INFO]: cafeconpang lost connection: Disconnected
[23:36:13] [Server thread/INFO]: cafeconpang left the game
